<?xml version="1.0" encoding="UTF-8"?>
<!-- Generated by org.testng.reporters.JUnitXMLReporter -->
<testsuite ignored="0" hostname="TestAutomations-MacBook-Pro.local" failures="0" tests="2" name="Surefire test" time="29.981" errors="0" timestamp="21 Mar 2021 03:35:05 GMT">
  <testcase classname="cucumber.api.testng.AbstractTestNGCucumberTests" name="runScenario" time="18.604"/>
  <testcase classname="cucumber.api.testng.AbstractTestNGCucumberTests" name="runScenario" time="11.155"/>
</testsuite> <!-- Surefire test -->
